<!DOCTYPE HTML PUBLIC "-//W3C//DTD HTML 4.01 Transitional//EN" "http://www.w3.org/TR/html4/loose.dtd">
<html>
<head>
<title>Application log</title>
<style type="text/css">
<!--
body, table {font-family: arial,sans-serif; font-size: x-small;}
th {background: #336699; color: #FFFFFF; text-align: left;}
-->
</style>
</head>
<body bgcolor="#FFFFFF" topmargin="6" leftmargin="6">
<hr size="1" noshade>
Log session start time Mon Dec 10 14:21:36 IST 2018<br>
<br>
<table cellspacing="0" cellpadding="4" border="1" bordercolor="#224466" width="100%">
<tr>
<th>Time</th>
<th>Thread</th>
<th>Level</th>
<th>Category</th>
<th>File:Line</th>
<th>Message</th>
</tr>

<tr>
<td>0</td>
<td title="main thread">main</td>
<td title="Level">INFO</td>
<td title="DriverAction.class category">DriverAction.class</td>
<td>DriverAction.java:56</td>
<td title="Message">---------------------------------------START THE SCENARIO-------------------------------------------------------------------</td>
</tr>

<tr>
<td>9</td>
<td title="main thread">main</td>
<td title="Level">INFO</td>
<td title="DriverAction.class category">DriverAction.class</td>
<td>DriverAction.java:57</td>
<td title="Message">Driver is inilizing</td>
</tr>

<tr>
<td>15289</td>
<td title="main thread">main</td>
<td title="Level">INFO</td>
<td title="DriverAction.class category">DriverAction.class</td>
<td>DriverAction.java:38</td>
<td title="Message">Launching the application with URL : https://www.facebook.com/</td>
</tr>

<tr>
<td>16939</td>
<td title="main thread">main</td>
<td title="Level">INFO</td>
<td title="BrowserAction.class category">BrowserAction.class</td>
<td>BrowserAction.java:173</td>
<td title="Message">Enter text with locator : By.id: email</td>
</tr>

<tr>
<td>17257</td>
<td title="main thread">main</td>
<td title="Level">INFO</td>
<td title="BrowserAction.class category">BrowserAction.class</td>
<td>BrowserAction.java:173</td>
<td title="Message">Enter text with locator : By.id: pass</td>
</tr>

<tr>
<td>17330</td>
<td title="main thread">main</td>
<td title="Level"><font color="#993300"><strong>ERROR</strong></font></td>
<td title="BrowserAction.class category">BrowserAction.class</td>
<td>BrowserAction.java:203</td>
<td title="Message">Exception in clickButton method of BrowserActions classorg.openqa.selenium.NoSuchElementException: no such element: Unable to locate element: {&quot;method&quot;:&quot;id&quot;,&quot;selector&quot;:&quot;loginbutton1&quot;}
  (Session info: chrome=70.0.3538.110)
  (Driver info: chromedriver=2.42.591088 (7b2b2dca23cca0862f674758c9a3933e685c27d5),platform=Windows NT 6.1.7601 SP1 x86) (WARNING: The server did not provide any stacktrace information)
Command duration or timeout: 53 milliseconds
For documentation on this error, please visit: http://seleniumhq.org/exceptions/no_such_element.html
Build info: version: '2.53.0', revision: '35ae25b1534ae328c771e0856c93e187490ca824', time: '2016-03-15 10:43:46'
System info: host: 'mangesh-PC', ip: '192.168.0.5', os.name: 'Windows 7', os.arch: 'x86', os.version: '6.1', java.version: '1.8.0_45'
Driver info: org.openqa.selenium.chrome.ChromeDriver
Capabilities [{mobileEmulationEnabled=false, hasTouchScreen=false, platform=XP, acceptSslCerts=false, goog:chromeOptions={debuggerAddress=localhost:53601}, acceptInsecureCerts=false, webStorageEnabled=true, browserName=chrome, takesScreenshot=true, javascriptEnabled=true, setWindowRect=true, unexpectedAlertBehaviour=, applicationCacheEnabled=false, rotatable=false, networkConnectionEnabled=false, chrome={chromedriverVersion=2.42.591088 (7b2b2dca23cca0862f674758c9a3933e685c27d5), userDataDir=C:\Users\mangesh\AppData\Local\Temp\scoped_dir7928_12851}, takesHeapSnapshot=true, pageLoadStrategy=normal, databaseEnabled=false, handlesAlerts=true, version=70.0.3538.110, browserConnectionEnabled=false, nativeEvents=true, locationContextEnabled=true, cssSelectorsEnabled=true}]
Session ID: 1aeec18bd97ec4affcbe0b288ac910d3
*** Element info: {Using=id, value=loginbutton1}</td>
</tr>

<tr>
<td>18040</td>
<td title="main thread">main</td>
<td title="Level"><font color="#993300"><strong>ERROR</strong></font></td>
<td title="BrowserAction.class category">BrowserAction.class</td>
<td>BrowserAction.java:137</td>
<td title="Message">Exception in clickButton method of BrowserActions class&lt;{}&gt; java.lang.Exception</td>
</tr>

<tr>
<td>18117</td>
<td title="main thread">main</td>
<td title="Level"><font color="#993300"><strong>ERROR</strong></font></td>
<td title="BrowserAction.class category">BrowserAction.class</td>
<td>BrowserAction.java:203</td>
<td title="Message">Exception in clickButton method of BrowserActions classorg.openqa.selenium.NoSuchElementException: no such element: Unable to locate element: {&quot;method&quot;:&quot;xpath&quot;,&quot;selector&quot;:&quot;//h1[@data-click='bluebar_logo']&quot;}
  (Session info: chrome=70.0.3538.110)
  (Driver info: chromedriver=2.42.591088 (7b2b2dca23cca0862f674758c9a3933e685c27d5),platform=Windows NT 6.1.7601 SP1 x86) (WARNING: The server did not provide any stacktrace information)
Command duration or timeout: 65 milliseconds
For documentation on this error, please visit: http://seleniumhq.org/exceptions/no_such_element.html
Build info: version: '2.53.0', revision: '35ae25b1534ae328c771e0856c93e187490ca824', time: '2016-03-15 10:43:46'
System info: host: 'mangesh-PC', ip: '192.168.0.5', os.name: 'Windows 7', os.arch: 'x86', os.version: '6.1', java.version: '1.8.0_45'
Driver info: org.openqa.selenium.chrome.ChromeDriver
Capabilities [{mobileEmulationEnabled=false, hasTouchScreen=false, platform=XP, acceptSslCerts=false, goog:chromeOptions={debuggerAddress=localhost:53601}, acceptInsecureCerts=false, webStorageEnabled=true, browserName=chrome, takesScreenshot=true, javascriptEnabled=true, setWindowRect=true, unexpectedAlertBehaviour=, applicationCacheEnabled=false, rotatable=false, networkConnectionEnabled=false, chrome={chromedriverVersion=2.42.591088 (7b2b2dca23cca0862f674758c9a3933e685c27d5), userDataDir=C:\Users\mangesh\AppData\Local\Temp\scoped_dir7928_12851}, takesHeapSnapshot=true, pageLoadStrategy=normal, databaseEnabled=false, handlesAlerts=true, version=70.0.3538.110, browserConnectionEnabled=false, nativeEvents=true, locationContextEnabled=true, cssSelectorsEnabled=true}]
Session ID: 1aeec18bd97ec4affcbe0b288ac910d3
*** Element info: {Using=xpath, value=//h1[@data-click='bluebar_logo']}</td>
</tr>

<tr>
<td>18782</td>
<td title="main thread">main</td>
<td title="Level"><font color="#993300"><strong>ERROR</strong></font></td>
<td title="BrowserAction.class category">BrowserAction.class</td>
<td>BrowserAction.java:137</td>
<td title="Message">Exception in viewElementDisplayed method of BrowserActions class&lt;{}&gt; java.lang.Exception</td>
</tr>
<!DOCTYPE HTML PUBLIC "-//W3C//DTD HTML 4.01 Transitional//EN" "http://www.w3.org/TR/html4/loose.dtd">
<html>
<head>
<title>Application log</title>
<style type="text/css">
<!--
body, table {font-family: arial,sans-serif; font-size: x-small;}
th {background: #336699; color: #FFFFFF; text-align: left;}
-->
</style>
</head>
<body bgcolor="#FFFFFF" topmargin="6" leftmargin="6">
<hr size="1" noshade>
Log session start time Mon Dec 10 14:24:05 IST 2018<br>
<br>
<table cellspacing="0" cellpadding="4" border="1" bordercolor="#224466" width="100%">
<tr>
<th>Time</th>
<th>Thread</th>
<th>Level</th>
<th>Category</th>
<th>File:Line</th>
<th>Message</th>
</tr>

<tr>
<td>0</td>
<td title="main thread">main</td>
<td title="Level">INFO</td>
<td title="DriverAction.class category">DriverAction.class</td>
<td>DriverAction.java:56</td>
<td title="Message">---------------------------------------START THE SCENARIO-------------------------------------------------------------------</td>
</tr>

<tr>
<td>12</td>
<td title="main thread">main</td>
<td title="Level">INFO</td>
<td title="DriverAction.class category">DriverAction.class</td>
<td>DriverAction.java:57</td>
<td title="Message">Driver is inilizing</td>
</tr>

<tr>
<td>14139</td>
<td title="main thread">main</td>
<td title="Level">INFO</td>
<td title="DriverAction.class category">DriverAction.class</td>
<td>DriverAction.java:38</td>
<td title="Message">Launching the application with URL : https://www.facebook.com/</td>
</tr>

<tr>
<td>33423</td>
<td title="main thread">main</td>
<td title="Level">INFO</td>
<td title="BrowserAction.class category">BrowserAction.class</td>
<td>BrowserAction.java:173</td>
<td title="Message">Enter text with locator : By.id: email</td>
</tr>

<tr>
<td>35946</td>
<td title="main thread">main</td>
<td title="Level">INFO</td>
<td title="BrowserAction.class category">BrowserAction.class</td>
<td>BrowserAction.java:173</td>
<td title="Message">Enter text with locator : By.id: pass</td>
</tr>

<tr>
<td>64837</td>
<td title="main thread">main</td>
<td title="Level"><font color="#993300"><strong>ERROR</strong></font></td>
<td title="BrowserAction.class category">BrowserAction.class</td>
<td>BrowserAction.java:203</td>
<td title="Message">Exception in getElement method of BrowserActions classorg.openqa.selenium.NoSuchElementException: no such element: Unable to locate element: {&quot;method&quot;:&quot;id&quot;,&quot;selector&quot;:&quot;loginbutton1&quot;}
  (Session info: chrome=70.0.3538.110)
  (Driver info: chromedriver=2.42.591088 (7b2b2dca23cca0862f674758c9a3933e685c27d5),platform=Windows NT 6.1.7601 SP1 x86) (WARNING: The server did not provide any stacktrace information)
Command duration or timeout: 91 milliseconds
For documentation on this error, please visit: http://seleniumhq.org/exceptions/no_such_element.html
Build info: version: '2.53.0', revision: '35ae25b1534ae328c771e0856c93e187490ca824', time: '2016-03-15 10:43:46'
System info: host: 'mangesh-PC', ip: '192.168.0.5', os.name: 'Windows 7', os.arch: 'x86', os.version: '6.1', java.version: '1.8.0_45'
Driver info: org.openqa.selenium.chrome.ChromeDriver
Capabilities [{mobileEmulationEnabled=false, hasTouchScreen=false, platform=XP, acceptSslCerts=false, goog:chromeOptions={debuggerAddress=localhost:53640}, acceptInsecureCerts=false, webStorageEnabled=true, browserName=chrome, takesScreenshot=true, javascriptEnabled=true, setWindowRect=true, unexpectedAlertBehaviour=, applicationCacheEnabled=false, rotatable=false, networkConnectionEnabled=false, chrome={chromedriverVersion=2.42.591088 (7b2b2dca23cca0862f674758c9a3933e685c27d5), userDataDir=C:\Users\mangesh\AppData\Local\Temp\scoped_dir7952_32269}, takesHeapSnapshot=true, pageLoadStrategy=normal, databaseEnabled=false, handlesAlerts=true, version=70.0.3538.110, browserConnectionEnabled=false, nativeEvents=true, locationContextEnabled=true, cssSelectorsEnabled=true}]
Session ID: 8b218509f6e8930e2d74b12954bfe65a
*** Element info: {Using=id, value=loginbutton1}</td>
</tr>

<tr>
<td>77245</td>
<td title="main thread">main</td>
<td title="Level"><font color="#993300"><strong>ERROR</strong></font></td>
<td title="BrowserAction.class category">BrowserAction.class</td>
<td>BrowserAction.java:137</td>
<td title="Message">Exception in clickButton method of BrowserActions class&lt;{}&gt; java.lang.Exception</td>
</tr>
<!DOCTYPE HTML PUBLIC "-//W3C//DTD HTML 4.01 Transitional//EN" "http://www.w3.org/TR/html4/loose.dtd">
<html>
<head>
<title>Application log</title>
<style type="text/css">
<!--
body, table {font-family: arial,sans-serif; font-size: x-small;}
th {background: #336699; color: #FFFFFF; text-align: left;}
-->
</style>
</head>
<body bgcolor="#FFFFFF" topmargin="6" leftmargin="6">
<hr size="1" noshade>
Log session start time Mon Dec 10 14:27:25 IST 2018<br>
<br>
<table cellspacing="0" cellpadding="4" border="1" bordercolor="#224466" width="100%">
<tr>
<th>Time</th>
<th>Thread</th>
<th>Level</th>
<th>Category</th>
<th>File:Line</th>
<th>Message</th>
</tr>

<tr>
<td>0</td>
<td title="main thread">main</td>
<td title="Level">INFO</td>
<td title="DriverAction.class category">DriverAction.class</td>
<td>DriverAction.java:56</td>
<td title="Message">---------------------------------------START THE SCENARIO-------------------------------------------------------------------</td>
</tr>

<tr>
<td>10</td>
<td title="main thread">main</td>
<td title="Level">INFO</td>
<td title="DriverAction.class category">DriverAction.class</td>
<td>DriverAction.java:57</td>
<td title="Message">Driver is inilizing</td>
</tr>

<tr>
<td>16027</td>
<td title="main thread">main</td>
<td title="Level">INFO</td>
<td title="DriverAction.class category">DriverAction.class</td>
<td>DriverAction.java:38</td>
<td title="Message">Launching the application with URL : https://www.facebook.com/</td>
</tr>

<tr>
<td>16847</td>
<td title="main thread">main</td>
<td title="Level">INFO</td>
<td title="BrowserAction.class category">BrowserAction.class</td>
<td>BrowserAction.java:173</td>
<td title="Message">Enter text with locator : By.id: email</td>
</tr>

<tr>
<td>17115</td>
<td title="main thread">main</td>
<td title="Level">INFO</td>
<td title="BrowserAction.class category">BrowserAction.class</td>
<td>BrowserAction.java:173</td>
<td title="Message">Enter text with locator : By.id: pass</td>
</tr>

<tr>
<td>17174</td>
<td title="main thread">main</td>
<td title="Level"><font color="#993300"><strong>ERROR</strong></font></td>
<td title="BrowserAction.class category">BrowserAction.class</td>
<td>BrowserAction.java:203</td>
<td title="Message">Exception in getElement method of BrowserActions classorg.openqa.selenium.NoSuchElementException: no such element: Unable to locate element: {&quot;method&quot;:&quot;id&quot;,&quot;selector&quot;:&quot;loginbutton1&quot;}
  (Session info: chrome=70.0.3538.110)
  (Driver info: chromedriver=2.42.591088 (7b2b2dca23cca0862f674758c9a3933e685c27d5),platform=Windows NT 6.1.7601 SP1 x86) (WARNING: The server did not provide any stacktrace information)
Command duration or timeout: 41 milliseconds
For documentation on this error, please visit: http://seleniumhq.org/exceptions/no_such_element.html
Build info: version: '2.53.0', revision: '35ae25b1534ae328c771e0856c93e187490ca824', time: '2016-03-15 10:43:46'
System info: host: 'mangesh-PC', ip: '192.168.0.5', os.name: 'Windows 7', os.arch: 'x86', os.version: '6.1', java.version: '1.8.0_45'
Driver info: org.openqa.selenium.chrome.ChromeDriver
Capabilities [{mobileEmulationEnabled=false, hasTouchScreen=false, platform=XP, acceptSslCerts=false, goog:chromeOptions={debuggerAddress=localhost:53679}, acceptInsecureCerts=false, webStorageEnabled=true, browserName=chrome, takesScreenshot=true, javascriptEnabled=true, setWindowRect=true, unexpectedAlertBehaviour=, applicationCacheEnabled=false, rotatable=false, networkConnectionEnabled=false, chrome={chromedriverVersion=2.42.591088 (7b2b2dca23cca0862f674758c9a3933e685c27d5), userDataDir=C:\Users\mangesh\AppData\Local\Temp\scoped_dir6880_25025}, takesHeapSnapshot=true, pageLoadStrategy=normal, databaseEnabled=false, handlesAlerts=true, version=70.0.3538.110, browserConnectionEnabled=false, nativeEvents=true, locationContextEnabled=true, cssSelectorsEnabled=true}]
Session ID: 9f4a7d960a1586324d9db97f6f716bc3
*** Element info: {Using=id, value=loginbutton1}</td>
</tr>

<tr>
<td>17793</td>
<td title="main thread">main</td>
<td title="Level"><font color="#993300"><strong>ERROR</strong></font></td>
<td title="BrowserAction.class category">BrowserAction.class</td>
<td>BrowserAction.java:137</td>
<td title="Message">Exception in clickButton method of BrowserActions class&lt;{}&gt; java.lang.Exception</td>
</tr>

<tr>
<td>17845</td>
<td title="main thread">main</td>
<td title="Level"><font color="#993300"><strong>ERROR</strong></font></td>
<td title="BrowserAction.class category">BrowserAction.class</td>
<td>BrowserAction.java:203</td>
<td title="Message">Exception in getElement method of BrowserActions classorg.openqa.selenium.NoSuchElementException: no such element: Unable to locate element: {&quot;method&quot;:&quot;xpath&quot;,&quot;selector&quot;:&quot;//h1[@data-click='bluebar_logo']&quot;}
  (Session info: chrome=70.0.3538.110)
  (Driver info: chromedriver=2.42.591088 (7b2b2dca23cca0862f674758c9a3933e685c27d5),platform=Windows NT 6.1.7601 SP1 x86) (WARNING: The server did not provide any stacktrace information)
Command duration or timeout: 43 milliseconds
For documentation on this error, please visit: http://seleniumhq.org/exceptions/no_such_element.html
Build info: version: '2.53.0', revision: '35ae25b1534ae328c771e0856c93e187490ca824', time: '2016-03-15 10:43:46'
System info: host: 'mangesh-PC', ip: '192.168.0.5', os.name: 'Windows 7', os.arch: 'x86', os.version: '6.1', java.version: '1.8.0_45'
Driver info: org.openqa.selenium.chrome.ChromeDriver
Capabilities [{mobileEmulationEnabled=false, hasTouchScreen=false, platform=XP, acceptSslCerts=false, goog:chromeOptions={debuggerAddress=localhost:53679}, acceptInsecureCerts=false, webStorageEnabled=true, browserName=chrome, takesScreenshot=true, javascriptEnabled=true, setWindowRect=true, unexpectedAlertBehaviour=, applicationCacheEnabled=false, rotatable=false, networkConnectionEnabled=false, chrome={chromedriverVersion=2.42.591088 (7b2b2dca23cca0862f674758c9a3933e685c27d5), userDataDir=C:\Users\mangesh\AppData\Local\Temp\scoped_dir6880_25025}, takesHeapSnapshot=true, pageLoadStrategy=normal, databaseEnabled=false, handlesAlerts=true, version=70.0.3538.110, browserConnectionEnabled=false, nativeEvents=true, locationContextEnabled=true, cssSelectorsEnabled=true}]
Session ID: 9f4a7d960a1586324d9db97f6f716bc3
*** Element info: {Using=xpath, value=//h1[@data-click='bluebar_logo']}</td>
</tr>

<tr>
<td>18462</td>
<td title="main thread">main</td>
<td title="Level"><font color="#993300"><strong>ERROR</strong></font></td>
<td title="BrowserAction.class category">BrowserAction.class</td>
<td>BrowserAction.java:137</td>
<td title="Message">Exception in viewElementDisplayed method of BrowserActions class&lt;{}&gt; java.lang.Exception</td>
</tr>
<!DOCTYPE HTML PUBLIC "-//W3C//DTD HTML 4.01 Transitional//EN" "http://www.w3.org/TR/html4/loose.dtd">
<html>
<head>
<title>Application log</title>
<style type="text/css">
<!--
body, table {font-family: arial,sans-serif; font-size: x-small;}
th {background: #336699; color: #FFFFFF; text-align: left;}
-->
</style>
</head>
<body bgcolor="#FFFFFF" topmargin="6" leftmargin="6">
<hr size="1" noshade>
Log session start time Mon Dec 10 14:32:04 IST 2018<br>
<br>
<table cellspacing="0" cellpadding="4" border="1" bordercolor="#224466" width="100%">
<tr>
<th>Time</th>
<th>Thread</th>
<th>Level</th>
<th>Category</th>
<th>File:Line</th>
<th>Message</th>
</tr>

<tr>
<td>1</td>
<td title="main thread">main</td>
<td title="Level">INFO</td>
<td title="DriverAction.class category">DriverAction.class</td>
<td>DriverAction.java:56</td>
<td title="Message">---------------------------------------START THE SCENARIO-------------------------------------------------------------------</td>
</tr>

<tr>
<td>7</td>
<td title="main thread">main</td>
<td title="Level">INFO</td>
<td title="DriverAction.class category">DriverAction.class</td>
<td>DriverAction.java:57</td>
<td title="Message">Driver is inilizing</td>
</tr>

<tr>
<td>13831</td>
<td title="main thread">main</td>
<td title="Level">INFO</td>
<td title="DriverAction.class category">DriverAction.class</td>
<td>DriverAction.java:38</td>
<td title="Message">Launching the application with URL : https://www.facebook.com/</td>
</tr>

<tr>
<td>14938</td>
<td title="main thread">main</td>
<td title="Level">INFO</td>
<td title="BrowserAction.class category">BrowserAction.class</td>
<td>BrowserAction.java:174</td>
<td title="Message">Enter text with locator : By.id: email</td>
</tr>

<tr>
<td>15298</td>
<td title="main thread">main</td>
<td title="Level">INFO</td>
<td title="BrowserAction.class category">BrowserAction.class</td>
<td>BrowserAction.java:174</td>
<td title="Message">Enter text with locator : By.id: pass</td>
</tr>

<tr>
<td>15381</td>
<td title="main thread">main</td>
<td title="Level"><font color="#993300"><strong>ERROR</strong></font></td>
<td title="BrowserAction.class category">BrowserAction.class</td>
<td>BrowserAction.java:204</td>
<td title="Message">Exception in getElement method of BrowserActions classorg.openqa.selenium.NoSuchElementException: no such element: Unable to locate element: {&quot;method&quot;:&quot;id&quot;,&quot;selector&quot;:&quot;loginbutton1&quot;}
  (Session info: chrome=70.0.3538.110)
  (Driver info: chromedriver=2.42.591088 (7b2b2dca23cca0862f674758c9a3933e685c27d5),platform=Windows NT 6.1.7601 SP1 x86) (WARNING: The server did not provide any stacktrace information)
Command duration or timeout: 60 milliseconds
For documentation on this error, please visit: http://seleniumhq.org/exceptions/no_such_element.html
Build info: version: '2.53.0', revision: '35ae25b1534ae328c771e0856c93e187490ca824', time: '2016-03-15 10:43:46'
System info: host: 'mangesh-PC', ip: '192.168.0.5', os.name: 'Windows 7', os.arch: 'x86', os.version: '6.1', java.version: '1.8.0_45'
Driver info: org.openqa.selenium.chrome.ChromeDriver
Capabilities [{mobileEmulationEnabled=false, hasTouchScreen=false, platform=XP, acceptSslCerts=false, goog:chromeOptions={debuggerAddress=localhost:53803}, acceptInsecureCerts=false, webStorageEnabled=true, browserName=chrome, takesScreenshot=true, javascriptEnabled=true, setWindowRect=true, unexpectedAlertBehaviour=, applicationCacheEnabled=false, rotatable=false, networkConnectionEnabled=false, chrome={chromedriverVersion=2.42.591088 (7b2b2dca23cca0862f674758c9a3933e685c27d5), userDataDir=C:\Users\mangesh\AppData\Local\Temp\scoped_dir9560_19473}, takesHeapSnapshot=true, pageLoadStrategy=normal, databaseEnabled=false, handlesAlerts=true, version=70.0.3538.110, browserConnectionEnabled=false, nativeEvents=true, locationContextEnabled=true, cssSelectorsEnabled=true}]
Session ID: 8ce6a81609f62d9b76c0261a92f58ec2
*** Element info: {Using=id, value=loginbutton1}</td>
</tr>

<tr>
<td>16154</td>
<td title="main thread">main</td>
<td title="Level"><font color="#993300"><strong>ERROR</strong></font></td>
<td title="BrowserAction.class category">BrowserAction.class</td>
<td>BrowserAction.java:137</td>
<td title="Message">Exception in clickButton method of BrowserActions class&lt;{}&gt; java.lang.Exception</td>
</tr>
